<?xml version="1.0" encoding="UTF-8"?><testsuite errors="8" failures="0" name="Login scenarios of The-Companion365 Website" skipped="0" tests="8" time="1.72" timestamp="2023-04-05 04:18:46"><testcase name="User will try to login with wrong username"><error message="Cannot invoke &quot;String.equals(Object)&quot; because the return value of &quot;java.lang.System.getProperty(String)&quot; is null" type="java.lang.NullPointerException">Cannot invoke "String.equals(Object)" because the return value of "java.lang.System.getProperty(String)" is null</error><system-err>Cannot invoke "String.equals(Object)" because the return value of "java.lang.System.getProperty(String)" is null&#13;
show.constants.URLConstants.setUrl(URLConstants.java:14)&#13;
show.ui.LoginPage.openUrl(LoginPage.java:39)&#13;
show.StepDef.LoginStepDef.navigateToLink(LoginStepDef.java:43)&#13;
✽.User is on the Easy-Appointments home page(file:///C:/javapro/Easy-Appointments/src/test/resources/features/Login.feature:6)&#13;
</system-err></testcase><testcase name="User will try to login with wrong password"><error message="Cannot invoke &quot;String.equals(Object)&quot; because the return value of &quot;java.lang.System.getProperty(String)&quot; is null" type="java.lang.NullPointerException">Cannot invoke "String.equals(Object)" because the return value of "java.lang.System.getProperty(String)" is null</error><system-err>Cannot invoke "String.equals(Object)" because the return value of "java.lang.System.getProperty(String)" is null&#13;
show.constants.URLConstants.setUrl(URLConstants.java:14)&#13;
show.ui.LoginPage.openUrl(LoginPage.java:39)&#13;
show.StepDef.LoginStepDef.navigateToLink(LoginStepDef.java:43)&#13;
✽.User is on the Easy-Appointments home page(file:///C:/javapro/Easy-Appointments/src/test/resources/features/Login.feature:16)&#13;
</system-err></testcase><testcase name="User will try to login with wrong username and wrong password"><error message="Cannot invoke &quot;String.equals(Object)&quot; because the return value of &quot;java.lang.System.getProperty(String)&quot; is null" type="java.lang.NullPointerException">Cannot invoke "String.equals(Object)" because the return value of "java.lang.System.getProperty(String)" is null</error><system-err>Cannot invoke "String.equals(Object)" because the return value of "java.lang.System.getProperty(String)" is null&#13;
show.constants.URLConstants.setUrl(URLConstants.java:14)&#13;
show.ui.LoginPage.openUrl(LoginPage.java:39)&#13;
show.StepDef.LoginStepDef.navigateToLink(LoginStepDef.java:43)&#13;
✽.User is on the Easy-Appointments home page(file:///C:/javapro/Easy-Appointments/src/test/resources/features/Login.feature:26)&#13;
</system-err></testcase><testcase name="User try to login without entering username"><error message="Cannot invoke &quot;String.equals(Object)&quot; because the return value of &quot;java.lang.System.getProperty(String)&quot; is null" type="java.lang.NullPointerException">Cannot invoke "String.equals(Object)" because the return value of "java.lang.System.getProperty(String)" is null</error><system-err>Cannot invoke "String.equals(Object)" because the return value of "java.lang.System.getProperty(String)" is null&#13;
show.constants.URLConstants.setUrl(URLConstants.java:14)&#13;
show.ui.LoginPage.openUrl(LoginPage.java:39)&#13;
show.StepDef.LoginStepDef.navigateToLink(LoginStepDef.java:43)&#13;
✽.User is on the Easy-Appointments home page(file:///C:/javapro/Easy-Appointments/src/test/resources/features/Login.feature:36)&#13;
</system-err></testcase><testcase name="User try to login without entering password"><error message="Cannot invoke &quot;String.equals(Object)&quot; because the return value of &quot;java.lang.System.getProperty(String)&quot; is null" type="java.lang.NullPointerException">Cannot invoke "String.equals(Object)" because the return value of "java.lang.System.getProperty(String)" is null</error><system-err>Cannot invoke "String.equals(Object)" because the return value of "java.lang.System.getProperty(String)" is null&#13;
show.constants.URLConstants.setUrl(URLConstants.java:14)&#13;
show.ui.LoginPage.openUrl(LoginPage.java:39)&#13;
show.StepDef.LoginStepDef.navigateToLink(LoginStepDef.java:43)&#13;
✽.User is on the Easy-Appointments home page(file:///C:/javapro/Easy-Appointments/src/test/resources/features/Login.feature:46)&#13;
</system-err></testcase><testcase name="User try to login without entering username and password"><error message="Cannot invoke &quot;String.equals(Object)&quot; because the return value of &quot;java.lang.System.getProperty(String)&quot; is null" type="java.lang.NullPointerException">Cannot invoke "String.equals(Object)" because the return value of "java.lang.System.getProperty(String)" is null</error><system-err>Cannot invoke "String.equals(Object)" because the return value of "java.lang.System.getProperty(String)" is null&#13;
show.constants.URLConstants.setUrl(URLConstants.java:14)&#13;
show.ui.LoginPage.openUrl(LoginPage.java:39)&#13;
show.StepDef.LoginStepDef.navigateToLink(LoginStepDef.java:43)&#13;
✽.User is on the Easy-Appointments home page(file:///C:/javapro/Easy-Appointments/src/test/resources/features/Login.feature:56)&#13;
</system-err></testcase><testcase name="User try to login by entering password with capital alphabet"><error message="Cannot invoke &quot;String.equals(Object)&quot; because the return value of &quot;java.lang.System.getProperty(String)&quot; is null" type="java.lang.NullPointerException">Cannot invoke "String.equals(Object)" because the return value of "java.lang.System.getProperty(String)" is null</error><system-err>Cannot invoke "String.equals(Object)" because the return value of "java.lang.System.getProperty(String)" is null&#13;
show.constants.URLConstants.setUrl(URLConstants.java:14)&#13;
show.ui.LoginPage.openUrl(LoginPage.java:39)&#13;
show.StepDef.LoginStepDef.navigateToLink(LoginStepDef.java:43)&#13;
✽.User is on the Easy-Appointments home page(file:///C:/javapro/Easy-Appointments/src/test/resources/features/Login.feature:66)&#13;
</system-err></testcase><testcase name="User try to login to the Easy-Appointments homepage by entering valid username and password"><error message="Cannot invoke &quot;String.equals(Object)&quot; because the return value of &quot;java.lang.System.getProperty(String)&quot; is null" type="java.lang.NullPointerException">Cannot invoke "String.equals(Object)" because the return value of "java.lang.System.getProperty(String)" is null</error><system-err>Cannot invoke "String.equals(Object)" because the return value of "java.lang.System.getProperty(String)" is null&#13;
show.constants.URLConstants.setUrl(URLConstants.java:14)&#13;
show.ui.LoginPage.openUrl(LoginPage.java:39)&#13;
show.StepDef.LoginStepDef.navigateToLink(LoginStepDef.java:43)&#13;
✽.User is on the Easy-Appointments home page(file:///C:/javapro/Easy-Appointments/src/test/resources/features/Login.feature:76)&#13;
</system-err></testcase></testsuite>