<?xml version="1.0" encoding="UTF-8"?><testsuite errors="0" failures="0" name="Login scenarios of The-Companion365 Website" skipped="0" tests="8" time="129.05" timestamp="2023-04-10 09:48:39"><testcase name="User will try to login with wrong username"/><testcase name="User will try to login with wrong password"/><testcase name="User will try to login with wrong username and wrong password"/><testcase name="User try to login without entering username"/><testcase name="User try to login without entering password"/><testcase name="User try to login without entering username and password"/><testcase name="User try to login by entering password with capital alphabet"/><testcase name="User try to login to the Easy-Appointments homepage by entering valid username and password"/></testsuite>